#
# A fatal error has been detected by the Java Runtime Environment:
#
#  SIGSEGV (0xb) at pc=0x00007fc16808c749, pid=31052, tid=140468673939200
#
# JRE version: OpenJDK Runtime Environment (7.0_85-b01) (build 1.7.0_85-b01)
# Java VM: OpenJDK 64-Bit Server VM (24.85-b03 mixed mode linux-amd64 compressed oops)
# Derivative: IcedTea 2.6.1
# Distribution: Ubuntu 14.04 LTS, package 7u85-2.6.1-5ubuntu0.14.04.1
# Problematic frame:
# V  [libjvm.so+0x5ff749]  jni_GetObjectClass+0x69
#
# Failed to write core dump. Core dumps have been disabled. To enable core dumping, try "ulimit -c unlimited" before starting Java again
#
# If you would like to submit a bug report, please include
# instructions on how to reproduce the bug and visit:
#   http://icedtea.classpath.org/bugzilla
#

---------------  T H R E A D  ---------------

Current thread (0x00007fc16000a000):  JavaThread "main" [_thread_in_vm, id=31053, stack(0x00007fc169598000,0x00007fc169699000)]

siginfo:si_signo=SIGSEGV: si_errno=0, si_code=1 (SEGV_MAPERR), si_addr=0x0000000000000000

Registers:
RAX=0x0000000000000000, RBX=0x00007fc16000a000, RCX=0x0000000000000000, RDX=0x00007fc1688766d3
RSP=0x00007fc169697140, RBP=0x00007fc169697180, RSI=0x0000000000000000, RDI=0x00007fc16000a000
R8 =0x0000000000000004, R9 =0x00007fc160000078, R10=0x00007fc169697060, R11=0x00007fc14f196d15
R12=0x00007fc16000a1d8, R13=0x0000000000000000, R14=0x00007fc1696976a0, R15=0x00007fc16000a000
RIP=0x00007fc16808c749, EFLAGS=0x0000000000010246, CSGSFS=0x0000000000000033, ERR=0x0000000000000004
  TRAPNO=0x000000000000000e

Top of Stack: (sp=0x00007fc169697140)
0x00007fc169697140:   00007fc16000a000 0000000000000000
0x00007fc169697150:   000000004e1826ef 00007fc14f176341
0x00007fc169697160:   00000000ffffffff 00007fc16019f230
0x00007fc169697170:   0000000000000000 000000077a58b300
0x00007fc169697180:   00007fc1696971a0 00007fc14f1967cc
0x00007fc169697190:   0000000000000000 00007fc16000a1d8
0x00007fc1696971a0:   00007fc169697290 00007fc14f196d62
0x00007fc1696971b0:   00007fc14f1aa770 00007fc14f1aa7a1
0x00007fc1696971c0:   0000000000000000 00007fc16000a1d8
0x00007fc1696971d0:   00007fc16000abc8 00007fc14f3b5038
0x00007fc1696971e0:   0000000000000000 000000077a58b300
0x00007fc1696971f0:   00007fc1696976a0 00007fc16000a000
0x00007fc169697200:   00007fc1696972b0 00007fc1694b8557
0x00007fc169697210:   00007fc100000005 0000000000000000
0x00007fc169697220:   00007fc169697580 00007fc14f16f6e8
0x00007fc169697230:   00007fc16019f230 00007fc1696972b0
0x00007fc169697240:   0000000000000000 00007fc1694bf515
0x00007fc169697250:   0000000000000000 00007fc14f1aa770
0x00007fc169697260:   00007fc14f1aa7a1 0000000000000000
0x00007fc169697270:   00007fc16000a1d8 00007fc16019f230
0x00007fc169697280:   0000000000000000 000000077a58b300
0x00007fc169697290:   00007fc1696972b0 00007fc14f19ce34
0x00007fc1696972a0:   0000000000000000 00007fc16000a1d8
0x00007fc1696972b0:   00007fc169697580 00007fc14f197e39
0x00007fc1696972c0:   00007fc14f173690 0000000403770868
0x00007fc1696972d0:   0000000000000000 00007fc169697698
0x00007fc1696972e0:   00007fc16000a1d8 00007fc16019f230
0x00007fc1696972f0:   0000000000000000 0000000000000009
0x00007fc169697300:   00007fc160137420 00007fc1694b3816
0x00007fc169697310:   0000000500000000 00007fc169697350
0x00007fc169697320:   00007fc14f16dc90 00007fc169697460
0x00007fc169697330:   00007fc14f16f190 00000000015748d9 

Instructions: (pc=0x00007fc16808c749)
0x00007fc16808c729:   08 00 48 89 5d c0 48 c7 45 c8 00 00 00 00 74 09
0x00007fc16808c739:   48 8d 7d c0 e8 ce 3f 22 00 48 8d 15 8a 9f 7e 00
0x00007fc16808c749:   49 8b 45 00 80 3a 00 74 56 48 8d 15 87 dd 7c 00
0x00007fc16808c759:   8b 40 08 8b 4a 08 48 d3 e0 48 03 02 48 8b 70 78 

Register to memory mapping:

RAX=0x0000000000000000 is an unknown value
RBX=0x00007fc16000a000 is a thread
RCX=0x0000000000000000 is an unknown value
RDX=0x00007fc1688766d3: <offset 0xde96d3> in /usr/lib/jvm/java-7-openjdk-amd64/jre/lib/amd64/server/libjvm.so at 0x00007fc167a8d000
RSP=0x00007fc169697140 is pointing into the stack for thread: 0x00007fc16000a000
RBP=0x00007fc169697180 is pointing into the stack for thread: 0x00007fc16000a000
RSI=0x0000000000000000 is an unknown value
RDI=0x00007fc16000a000 is a thread
R8 =0x0000000000000004 is an unknown value
R9 =0x00007fc160000078 is an unknown value
R10=0x00007fc169697060 is pointing into the stack for thread: 0x00007fc16000a000
R11=0x00007fc14f196d15: _ZN9JNIHelper16getInstanceFieldIP8_jobjectEET_P7JNIEnv_S2_PKcS7_+0 in /home/andrej/java/spark/aparapi-ucores/src/aparapi/dist_linux_x86_64/libaparapi_x86_64.so at 0x00007fc14f16c000
R12=0x00007fc16000a1d8 is an unknown value
R13=0x0000000000000000 is an unknown value
R14=0x00007fc1696976a0 is pointing into the stack for thread: 0x00007fc16000a000
R15=0x00007fc16000a000 is a thread


Stack: [0x00007fc169598000,0x00007fc169699000],  sp=0x00007fc169697140,  free space=1020k
Native frames: (J=compiled Java code, j=interpreted, Vv=VM code, C=native code)
V  [libjvm.so+0x5ff749]  jni_GetObjectClass+0x69
C  [libaparapi_x86_64.so+0x2a7cc]  JNIEnv_::GetObjectClass(_jobject*)+0x2e
C  [libaparapi_x86_64.so+0x2ad62]  _jobject* JNIHelper::getInstanceField<_jobject*>(JNIEnv_*, _jobject*, char const*, char const*)+0x4d
C  [libaparapi_x86_64.so+0x30e34]  OpenCLDevice::getPlatformInstance(JNIEnv_*, _jobject*)+0x2e
C  [libaparapi_x86_64.so+0x2be39]  JNIContext::JNIContext(JNIEnv_*, _jobject*, _jobject*, int)+0x191
C  [libaparapi_x86_64.so+0x2324c]  Java_com_amd_aparapi_internal_jni_KernelRunnerJNI_initJNI+0xaf
j  com.amd.aparapi.internal.jni.KernelRunnerJNI.initJNI(Lcom/amd/aparapi/Kernel;Lcom/amd/aparapi/device/OpenCLDevice;I)J+0
j  com.amd.aparapi.internal.kernel.KernelRunner.execute(Ljava/lang/String;Lcom/amd/aparapi/Range;I)Lcom/amd/aparapi/Kernel;+251
j  com.amd.aparapi.Kernel.execute(Ljava/lang/String;Lcom/amd/aparapi/Range;I)Lcom/amd/aparapi/Kernel;+26
j  com.amd.aparapi.Kernel.execute(Lcom/amd/aparapi/Range;I)Lcom/amd/aparapi/Kernel;+5
j  com.amd.aparapi.Kernel.execute(Lcom/amd/aparapi/Range;)Lcom/amd/aparapi/Kernel;+3
j  com.amd.aparapi.sample.add.MainSelectPlatform.main([Ljava/lang/String;)V+256
v  ~StubRoutines::call_stub
V  [libjvm.so+0x5edc19]  JavaCalls::call_helper(JavaValue*, methodHandle*, JavaCallArguments*, Thread*)+0x339
V  [libjvm.so+0x5ed6b8]  JavaCalls::call(JavaValue*, methodHandle, JavaCallArguments*, Thread*)+0x28
V  [libjvm.so+0x5fcb4b]  jni_invoke_static(JNIEnv_*, JavaValue*, _jobject*, JNICallType, _jmethodID*, JNI_ArgumentPusher*, Thread*) [clone .isra.123] [clone .constprop.154]+0x28b
V  [libjvm.so+0x60e1c8]  jni_CallStaticVoidMethod+0x118
C  [libjli.so+0x31f9]

Java frames: (J=compiled Java code, j=interpreted, Vv=VM code)
j  com.amd.aparapi.internal.jni.KernelRunnerJNI.initJNI(Lcom/amd/aparapi/Kernel;Lcom/amd/aparapi/device/OpenCLDevice;I)J+0
j  com.amd.aparapi.internal.kernel.KernelRunner.execute(Ljava/lang/String;Lcom/amd/aparapi/Range;I)Lcom/amd/aparapi/Kernel;+251
j  com.amd.aparapi.Kernel.execute(Ljava/lang/String;Lcom/amd/aparapi/Range;I)Lcom/amd/aparapi/Kernel;+26
j  com.amd.aparapi.Kernel.execute(Lcom/amd/aparapi/Range;I)Lcom/amd/aparapi/Kernel;+5
j  com.amd.aparapi.Kernel.execute(Lcom/amd/aparapi/Range;)Lcom/amd/aparapi/Kernel;+3
j  com.amd.aparapi.sample.add.MainSelectPlatform.main([Ljava/lang/String;)V+256
v  ~StubRoutines::call_stub

---------------  P R O C E S S  ---------------

Java Threads: ( => current thread )
  0x00007fc1600b8800 JavaThread "Service Thread" daemon [_thread_blocked, id=31068, stack(0x00007fc14f4b8000,0x00007fc14f5b9000)]
  0x00007fc1600b6000 JavaThread "C2 CompilerThread1" daemon [_thread_blocked, id=31067, stack(0x00007fc14f5b9000,0x00007fc14f6ba000)]
  0x00007fc1600b3000 JavaThread "C2 CompilerThread0" daemon [_thread_blocked, id=31066, stack(0x00007fc14f6ba000,0x00007fc14f7bb000)]
  0x00007fc1600b1000 JavaThread "Signal Dispatcher" daemon [_thread_blocked, id=31065, stack(0x00007fc14f7bb000,0x00007fc14f8bc000)]
  0x00007fc160084800 JavaThread "Finalizer" daemon [_thread_blocked, id=31064, stack(0x00007fc14fbfc000,0x00007fc14fcfd000)]
  0x00007fc160082800 JavaThread "Reference Handler" daemon [_thread_blocked, id=31063, stack(0x00007fc14fcfd000,0x00007fc14fdfe000)]
=>0x00007fc16000a000 JavaThread "main" [_thread_in_vm, id=31053, stack(0x00007fc169598000,0x00007fc169699000)]

Other Threads:
  0x00007fc16007e000 VMThread [stack: 0x00007fc14fdfe000,0x00007fc14feff000] [id=31062]
  0x00007fc1600c3000 WatcherThread [stack: 0x00007fc14f3b7000,0x00007fc14f4b8000] [id=31069]

VM state:not at safepoint (normal execution)

VM Mutex/Monitor currently owned by a thread: None

Heap
 PSYoungGen      total 37376K, used 20157K [0x00000007d6d00000, 0x00000007d9680000, 0x0000000800000000)
  eden space 32256K, 62% used [0x00000007d6d00000,0x00000007d80af7c8,0x00000007d8c80000)
  from space 5120K, 0% used [0x00000007d9180000,0x00000007d9180000,0x00000007d9680000)
  to   space 5120K, 0% used [0x00000007d8c80000,0x00000007d8c80000,0x00000007d9180000)
 ParOldGen       total 83968K, used 0K [0x0000000784800000, 0x0000000789a00000, 0x00000007d6d00000)
  object space 83968K, 0% used [0x0000000784800000,0x0000000784800000,0x0000000789a00000)
 PSPermGen       total 21504K, used 5155K [0x000000077a200000, 0x000000077b700000, 0x0000000784800000)
  object space 21504K, 23% used [0x000000077a200000,0x000000077a708f10,0x000000077b700000)

Card table byte_map: [0x00007fc165db0000,0x00007fc1661e0000] byte_map_base: 0x00007fc1621df000

Polling page: 0x00007fc1696c8000

Code Cache  [0x00007fc15d000000, 0x00007fc15d270000, 0x00007fc160000000)
 total_blobs=233 nmethods=22 adapters=165 free_code_cache=48726Kb largest_free_block=49887680

Compilation events (10 events):
Event: 0,177 Thread 0x00007fc1600b3000   17             sun.net.www.ParseUtil::encodePath (336 bytes)
Event: 0,182 Thread 0x00007fc1600b3000 nmethod 17 0x00007fc15d069a90 code [0x00007fc15d069c40, 0x00007fc15d06a2b8]
Event: 0,185 Thread 0x00007fc1600b6000   18             java.lang.Object::<init> (1 bytes)
Event: 0,185 Thread 0x00007fc1600b6000 nmethod 18 0x00007fc15d067650 code [0x00007fc15d067780, 0x00007fc15d067818]
Event: 0,189 Thread 0x00007fc1600b3000   20             java.lang.String::charAt (29 bytes)
Event: 0,190 Thread 0x00007fc1600b3000 nmethod 20 0x00007fc15d06ab90 code [0x00007fc15d06ace0, 0x00007fc15d06adb8]
Event: 0,205 Thread 0x00007fc1600b6000   21             java.lang.Math::min (11 bytes)
Event: 0,205 Thread 0x00007fc1600b6000 nmethod 21 0x00007fc15d065bd0 code [0x00007fc15d065d00, 0x00007fc15d065d38]
Event: 0,214 Thread 0x00007fc1600b3000   22             java.lang.String::length (6 bytes)
Event: 0,215 Thread 0x00007fc1600b3000 nmethod 22 0x00007fc15d06a890 code [0x00007fc15d06a9c0, 0x00007fc15d06aa38]

GC Heap History (0 events):
No events

Deoptimization events (2 events):
Event: 0,120 Thread 0x00007fc16000a000 Uncommon trap: reason=unstable_if action=reinterpret pc=0x00007fc15d065108 method=com.amd.aparapi.sample.add.MainSelectPlatform.main([Ljava/lang/String;)V @ 20
Event: 0,135 Thread 0x00007fc16000a000 Uncommon trap: reason=unstable_if action=reinterpret pc=0x00007fc15d0620c0 method=java.lang.String.indexOf(II)I @ 49

Internal exceptions (10 events):
Event: 0,218 Thread 0x00007fc16000a000 Threw 0x00000007d7fc38b8 at /build/openjdk-7-65SuYz/openjdk-7-7u85-2.6.1/build/openjdk/hotspot/src/share/vm/prims/jvm.cpp:1322
Event: 0,218 Thread 0x00007fc16000a000 Threw 0x00000007d7fc7188 at /build/openjdk-7-65SuYz/openjdk-7-7u85-2.6.1/build/openjdk/hotspot/src/share/vm/prims/jvm.cpp:1322
Event: 0,218 Thread 0x00007fc16000a000 Threw 0x00000007d7fcaac0 at /build/openjdk-7-65SuYz/openjdk-7-7u85-2.6.1/build/openjdk/hotspot/src/share/vm/prims/jvm.cpp:1322
Event: 0,221 Thread 0x00007fc16000a000 Threw 0x00000007d7fd86e0 at /build/openjdk-7-65SuYz/openjdk-7-7u85-2.6.1/build/openjdk/hotspot/src/share/vm/prims/jvm.cpp:1322
Event: 0,221 Thread 0x00007fc16000a000 Threw 0x00000007d7fdc880 at /build/openjdk-7-65SuYz/openjdk-7-7u85-2.6.1/build/openjdk/hotspot/src/share/vm/prims/jvm.cpp:1322
Event: 0,223 Thread 0x00007fc16000a000 Threw 0x00000007d7feba40 at /build/openjdk-7-65SuYz/openjdk-7-7u85-2.6.1/build/openjdk/hotspot/src/share/vm/prims/jvm.cpp:1322
Event: 0,225 Thread 0x00007fc16000a000 Threw 0x00000007d8002ef8 at /build/openjdk-7-65SuYz/openjdk-7-7u85-2.6.1/build/openjdk/hotspot/src/share/vm/prims/jvm.cpp:1322
Event: 0,225 Thread 0x00007fc16000a000 Threw 0x00000007d800d778 at /build/openjdk-7-65SuYz/openjdk-7-7u85-2.6.1/build/openjdk/hotspot/src/share/vm/prims/jvm.cpp:1322
Event: 0,227 Thread 0x00007fc16000a000 Threw 0x00000007d80113a0 at /build/openjdk-7-65SuYz/openjdk-7-7u85-2.6.1/build/openjdk/hotspot/src/share/vm/prims/jvm.cpp:1322
Event: 0,245 Thread 0x00007fc16000a000 Threw 0x00000007d8075cb0 at /build/openjdk-7-65SuYz/openjdk-7-7u85-2.6.1/build/openjdk/hotspot/src/share/vm/prims/jvm.cpp:1322

Events (10 events):
Event: 0,241 loading class 0x00007fc11003dc70
Event: 0,241 loading class 0x00007fc11003dc70 done
Event: 0,241 loading class 0x00007fc11003dd40
Event: 0,241 loading class 0x00007fc11003dd40 done
Event: 0,241 loading class 0x00007fc164e149c0
Event: 0,241 loading class 0x00007fc164e149c0 done
Event: 0,245 loading class 0x00007fc11004c0c0
Event: 0,245 loading class 0x00007fc11004c0c0 done
Event: 0,245 loading class 0x00007fc1601232d0
Event: 0,245 loading class 0x00007fc1601232d0 done


Dynamic libraries:
00400000-00401000 r-xp 00000000 08:03 526873                             /usr/lib/jvm/java-7-openjdk-amd64/jre/bin/java
00600000-00601000 r--p 00000000 08:03 526873                             /usr/lib/jvm/java-7-openjdk-amd64/jre/bin/java
00601000-00602000 rw-p 00001000 08:03 526873                             /usr/lib/jvm/java-7-openjdk-amd64/jre/bin/java
016b3000-016d4000 rw-p 00000000 00:00 0                                  [heap]
77a200000-77b700000 rw-p 00000000 00:00 0 
77b700000-784800000 rw-p 00000000 00:00 0 
784800000-789a00000 rw-p 00000000 00:00 0 
789a00000-7d6d00000 rw-p 00000000 00:00 0 
7d6d00000-7d9680000 rw-p 00000000 00:00 0 
7d9680000-800000000 rw-p 00000000 00:00 0 
7fc108000000-7fc108021000 rw-p 00000000 00:00 0 
7fc108021000-7fc10c000000 ---p 00000000 00:00 0 
7fc110000000-7fc110109000 rw-p 00000000 00:00 0 
7fc110109000-7fc114000000 ---p 00000000 00:00 0 
7fc114000000-7fc114021000 rw-p 00000000 00:00 0 
7fc114021000-7fc118000000 ---p 00000000 00:00 0 
7fc118000000-7fc118021000 rw-p 00000000 00:00 0 
7fc118021000-7fc11c000000 ---p 00000000 00:00 0 
7fc11c000000-7fc11c0dc000 rw-p 00000000 00:00 0 
7fc11c0dc000-7fc120000000 ---p 00000000 00:00 0 
7fc120000000-7fc120021000 rw-p 00000000 00:00 0 
7fc120021000-7fc124000000 ---p 00000000 00:00 0 
7fc124000000-7fc124021000 rw-p 00000000 00:00 0 
7fc124021000-7fc128000000 ---p 00000000 00:00 0 
7fc128000000-7fc128021000 rw-p 00000000 00:00 0 
7fc128021000-7fc12c000000 ---p 00000000 00:00 0 
7fc12fd10000-7fc134000000 rw-p 00000000 00:00 0 
7fc134000000-7fc134021000 rw-p 00000000 00:00 0 
7fc134021000-7fc138000000 ---p 00000000 00:00 0 
7fc138000000-7fc138021000 rw-p 00000000 00:00 0 
7fc138021000-7fc13c000000 ---p 00000000 00:00 0 
7fc13c000000-7fc13c021000 rw-p 00000000 00:00 0 
7fc13c021000-7fc140000000 ---p 00000000 00:00 0 
7fc144000000-7fc144021000 rw-p 00000000 00:00 0 
7fc144021000-7fc148000000 ---p 00000000 00:00 0 
7fc148000000-7fc148021000 rw-p 00000000 00:00 0 
7fc148021000-7fc14c000000 ---p 00000000 00:00 0 
7fc14ed2c000-7fc14ef67000 rw-p 00000000 00:00 0 
7fc14ef67000-7fc14ef6b000 r-xp 00000000 08:03 527615                     /usr/lib/x86_64-linux-gnu/libOpenCL.so.1.0.0
7fc14ef6b000-7fc14f16b000 ---p 00004000 08:03 527615                     /usr/lib/x86_64-linux-gnu/libOpenCL.so.1.0.0
7fc14f16b000-7fc14f16c000 rw-p 00004000 08:03 527615                     /usr/lib/x86_64-linux-gnu/libOpenCL.so.1.0.0
7fc14f16c000-7fc14f1b5000 r-xp 00000000 00:1b 5039299                    /home/andrej/java/spark/aparapi-ucores/src/aparapi/dist_linux_x86_64/libaparapi_x86_64.so
7fc14f1b5000-7fc14f3b4000 ---p 00049000 00:1b 5039299                    /home/andrej/java/spark/aparapi-ucores/src/aparapi/dist_linux_x86_64/libaparapi_x86_64.so
7fc14f3b4000-7fc14f3b5000 r--p 00048000 00:1b 5039299                    /home/andrej/java/spark/aparapi-ucores/src/aparapi/dist_linux_x86_64/libaparapi_x86_64.so
7fc14f3b5000-7fc14f3b7000 rw-p 00049000 00:1b 5039299                    /home/andrej/java/spark/aparapi-ucores/src/aparapi/dist_linux_x86_64/libaparapi_x86_64.so
7fc14f3b7000-7fc14f3b8000 ---p 00000000 00:00 0 
7fc14f3b8000-7fc14f4b8000 rw-p 00000000 00:00 0                          [stack:31069]
7fc14f4b8000-7fc14f4bb000 ---p 00000000 00:00 0 
7fc14f4bb000-7fc14f5b9000 rw-p 00000000 00:00 0                          [stack:31068]
7fc14f5b9000-7fc14f5bc000 ---p 00000000 00:00 0 
7fc14f5bc000-7fc14f6ba000 rw-p 00000000 00:00 0                          [stack:31067]
7fc14f6ba000-7fc14f6bd000 ---p 00000000 00:00 0 
7fc14f6bd000-7fc14f7bb000 rw-p 00000000 00:00 0                          [stack:31066]
7fc14f7bb000-7fc14f7be000 ---p 00000000 00:00 0 
7fc14f7be000-7fc14f8bc000 rw-p 00000000 00:00 0                          [stack:31065]
7fc14f8bc000-7fc14fbfc000 r--p 00000000 08:03 534761                     /usr/lib/locale/locale-archive
7fc14fbfc000-7fc14fbff000 ---p 00000000 00:00 0 
7fc14fbff000-7fc14fcfd000 rw-p 00000000 00:00 0                          [stack:31064]
7fc14fcfd000-7fc14fd00000 ---p 00000000 00:00 0 
7fc14fd00000-7fc14fdfe000 rw-p 00000000 00:00 0                          [stack:31063]
7fc14fdfe000-7fc14fdff000 ---p 00000000 00:00 0 
7fc14fdff000-7fc150000000 rw-p 00000000 00:00 0                          [stack:31062]
7fc150000000-7fc150021000 rw-p 00000000 00:00 0 
7fc150021000-7fc154000000 ---p 00000000 00:00 0 
7fc154000000-7fc154021000 rw-p 00000000 00:00 0 
7fc154021000-7fc158000000 ---p 00000000 00:00 0 
7fc158000000-7fc158021000 rw-p 00000000 00:00 0 
7fc158021000-7fc15c000000 ---p 00000000 00:00 0 
7fc15c038000-7fc15c039000 rw-p 00000000 00:00 0 
7fc15c039000-7fc15c048000 r--s 00079000 00:1b 5038558                    /home/andrej/java/spark/aparapi-ucores/src/aparapi/com.amd.aparapi/dist/aparapi.jar
7fc15c048000-7fc15c04c000 r--s 00034000 08:03 537408                     /usr/lib/jvm/java-7-openjdk-amd64/jre/lib/ext/sunjce_provider.jar
7fc15c04c000-7fc15d000000 rw-p 00000000 00:00 0 
7fc15d000000-7fc15d270000 rwxp 00000000 00:00 0 
7fc15d270000-7fc1601ae000 rw-p 00000000 00:00 0 
7fc1601ae000-7fc164000000 ---p 00000000 00:00 0 
7fc164000000-7fc164001000 rw-p 00000000 00:00 0 
7fc164001000-7fc164003000 r--s 00001000 00:1b 5038598                    /home/andrej/java/spark/aparapi-ucores/src/aparapi/samples/add/add.jar
7fc164003000-7fc164004000 r--s 00002000 08:03 537410                     /usr/lib/jvm/java-7-openjdk-amd64/jre/lib/ext/dnsns.jar
7fc164004000-7fc164007000 r--s 0000f000 08:03 537407                     /usr/lib/jvm/java-7-openjdk-amd64/jre/lib/ext/icedtea-sound.jar
7fc164007000-7fc164bbe000 rw-p 00000000 00:00 0 
7fc164bbe000-7fc164d70000 r--s 01d30000 08:03 549946                     /usr/lib/jvm/java-7-openjdk-amd64/jre/lib/rt.jar
7fc164d70000-7fc1652c2000 rw-p 00000000 00:00 0 
7fc1652c2000-7fc1652c3000 ---p 00000000 00:00 0 
7fc1652c3000-7fc1653c3000 rw-p 00000000 00:00 0                          [stack:31061]
7fc1653c3000-7fc1653c4000 ---p 00000000 00:00 0 
7fc1653c4000-7fc1654c4000 rw-p 00000000 00:00 0                          [stack:31060]
7fc1654c4000-7fc1654c5000 ---p 00000000 00:00 0 
7fc1654c5000-7fc1655c5000 rw-p 00000000 00:00 0                          [stack:31059]
7fc1655c5000-7fc1655c6000 ---p 00000000 00:00 0 
7fc1655c6000-7fc1656c6000 rw-p 00000000 00:00 0                          [stack:31058]
7fc1656c6000-7fc1656c7000 ---p 00000000 00:00 0 
7fc1656c7000-7fc1657c7000 rw-p 00000000 00:00 0                          [stack:31057]
7fc1657c7000-7fc1657c8000 ---p 00000000 00:00 0 
7fc1657c8000-7fc1658c8000 rw-p 00000000 00:00 0                          [stack:31056]
7fc1658c8000-7fc1658c9000 ---p 00000000 00:00 0 
7fc1658c9000-7fc1659c9000 rw-p 00000000 00:00 0                          [stack:31055]
7fc1659c9000-7fc1659ca000 ---p 00000000 00:00 0 
7fc1659ca000-7fc165ad5000 rw-p 00000000 00:00 0                          [stack:31054]
7fc165ad5000-7fc165b1d000 rw-p 00000000 00:00 0 
7fc165b1d000-7fc165b46000 rw-p 00000000 00:00 0 
7fc165b46000-7fc165db0000 rw-p 00000000 00:00 0 
7fc165db0000-7fc165dbb000 rw-p 00000000 00:00 0 
7fc165dbb000-7fc165e03000 rw-p 00000000 00:00 0 
7fc165e03000-7fc165e2c000 rw-p 00000000 00:00 0 
7fc165e2c000-7fc166095000 rw-p 00000000 00:00 0 
7fc166095000-7fc1660ab000 rw-p 00000000 00:00 0 
7fc1660ab000-7fc1661df000 rw-p 00000000 00:00 0 
7fc1661df000-7fc1661e0000 rw-p 00000000 00:00 0 
7fc1661e0000-7fc1661e8000 r-xp 00000000 08:03 549958                     /usr/lib/jvm/java-7-openjdk-amd64/jre/lib/amd64/libzip.so
7fc1661e8000-7fc1663e7000 ---p 00008000 08:03 549958                     /usr/lib/jvm/java-7-openjdk-amd64/jre/lib/amd64/libzip.so
7fc1663e7000-7fc1663e8000 r--p 00007000 08:03 549958                     /usr/lib/jvm/java-7-openjdk-amd64/jre/lib/amd64/libzip.so
7fc1663e8000-7fc1663e9000 rw-p 00008000 08:03 549958                     /usr/lib/jvm/java-7-openjdk-amd64/jre/lib/amd64/libzip.so
7fc1663e9000-7fc1663f4000 r-xp 00000000 08:03 226917                     /lib/x86_64-linux-gnu/libnss_files-2.19.so
7fc1663f4000-7fc1665f3000 ---p 0000b000 08:03 226917                     /lib/x86_64-linux-gnu/libnss_files-2.19.so
7fc1665f3000-7fc1665f4000 r--p 0000a000 08:03 226917                     /lib/x86_64-linux-gnu/libnss_files-2.19.so
7fc1665f4000-7fc1665f5000 rw-p 0000b000 08:03 226917                     /lib/x86_64-linux-gnu/libnss_files-2.19.so
7fc1665f5000-7fc166600000 r-xp 00000000 08:03 228823                     /lib/x86_64-linux-gnu/libnss_nis-2.19.so
7fc166600000-7fc1667ff000 ---p 0000b000 08:03 228823                     /lib/x86_64-linux-gnu/libnss_nis-2.19.so
7fc1667ff000-7fc166800000 r--p 0000a000 08:03 228823                     /lib/x86_64-linux-gnu/libnss_nis-2.19.so
7fc166800000-7fc166801000 rw-p 0000b000 08:03 228823                     /lib/x86_64-linux-gnu/libnss_nis-2.19.so
7fc166801000-7fc166818000 r-xp 00000000 08:03 228809                     /lib/x86_64-linux-gnu/libnsl-2.19.so
7fc166818000-7fc166a17000 ---p 00017000 08:03 228809                     /lib/x86_64-linux-gnu/libnsl-2.19.so
7fc166a17000-7fc166a18000 r--p 00016000 08:03 228809                     /lib/x86_64-linux-gnu/libnsl-2.19.so
7fc166a18000-7fc166a19000 rw-p 00017000 08:03 228809                     /lib/x86_64-linux-gnu/libnsl-2.19.so
7fc166a19000-7fc166a1b000 rw-p 00000000 00:00 0 
7fc166a1b000-7fc166a24000 r-xp 00000000 08:03 228808                     /lib/x86_64-linux-gnu/libnss_compat-2.19.so
7fc166a24000-7fc166c23000 ---p 00009000 08:03 228808                     /lib/x86_64-linux-gnu/libnss_compat-2.19.so
7fc166c23000-7fc166c24000 r--p 00008000 08:03 228808                     /lib/x86_64-linux-gnu/libnss_compat-2.19.so
7fc166c24000-7fc166c25000 rw-p 00009000 08:03 228808                     /lib/x86_64-linux-gnu/libnss_compat-2.19.so
7fc166c25000-7fc166c50000 r-xp 00000000 08:03 549966                     /usr/lib/jvm/java-7-openjdk-amd64/jre/lib/amd64/libjava.so
7fc166c50000-7fc166e50000 ---p 0002b000 08:03 549966                     /usr/lib/jvm/java-7-openjdk-amd64/jre/lib/amd64/libjava.so
7fc166e50000-7fc166e51000 r--p 0002b000 08:03 549966                     /usr/lib/jvm/java-7-openjdk-amd64/jre/lib/amd64/libjava.so
7fc166e51000-7fc166e53000 rw-p 0002c000 08:03 549966                     /usr/lib/jvm/java-7-openjdk-amd64/jre/lib/amd64/libjava.so
7fc166e53000-7fc166e63000 r-xp 00000000 08:03 549983                     /usr/lib/jvm/java-7-openjdk-amd64/jre/lib/amd64/libverify.so
7fc166e63000-7fc167062000 ---p 00010000 08:03 549983                     /usr/lib/jvm/java-7-openjdk-amd64/jre/lib/amd64/libverify.so
7fc167062000-7fc167064000 r--p 0000f000 08:03 549983                     /usr/lib/jvm/java-7-openjdk-amd64/jre/lib/amd64/libverify.so
7fc167064000-7fc167065000 rw-p 00011000 08:03 549983                     /usr/lib/jvm/java-7-openjdk-amd64/jre/lib/amd64/libverify.so
7fc167065000-7fc16706c000 r-xp 00000000 08:03 228819                     /lib/x86_64-linux-gnu/librt-2.19.so
7fc16706c000-7fc16726b000 ---p 00007000 08:03 228819                     /lib/x86_64-linux-gnu/librt-2.19.so
7fc16726b000-7fc16726c000 r--p 00006000 08:03 228819                     /lib/x86_64-linux-gnu/librt-2.19.so
7fc16726c000-7fc16726d000 rw-p 00007000 08:03 228819                     /lib/x86_64-linux-gnu/librt-2.19.so
7fc16726d000-7fc167283000 r-xp 00000000 08:03 213876                     /lib/x86_64-linux-gnu/libgcc_s.so.1
7fc167283000-7fc167482000 ---p 00016000 08:03 213876                     /lib/x86_64-linux-gnu/libgcc_s.so.1
7fc167482000-7fc167483000 rw-p 00015000 08:03 213876                     /lib/x86_64-linux-gnu/libgcc_s.so.1
7fc167483000-7fc167588000 r-xp 00000000 08:03 226909                     /lib/x86_64-linux-gnu/libm-2.19.so
7fc167588000-7fc167787000 ---p 00105000 08:03 226909                     /lib/x86_64-linux-gnu/libm-2.19.so
7fc167787000-7fc167788000 r--p 00104000 08:03 226909                     /lib/x86_64-linux-gnu/libm-2.19.so
7fc167788000-7fc167789000 rw-p 00105000 08:03 226909                     /lib/x86_64-linux-gnu/libm-2.19.so
7fc167789000-7fc16786f000 r-xp 00000000 08:03 524531                     /usr/lib/x86_64-linux-gnu/libstdc++.so.6.0.19
7fc16786f000-7fc167a6e000 ---p 000e6000 08:03 524531                     /usr/lib/x86_64-linux-gnu/libstdc++.so.6.0.19
7fc167a6e000-7fc167a76000 r--p 000e5000 08:03 524531                     /usr/lib/x86_64-linux-gnu/libstdc++.so.6.0.19
7fc167a76000-7fc167a78000 rw-p 000ed000 08:03 524531                     /usr/lib/x86_64-linux-gnu/libstdc++.so.6.0.19
7fc167a78000-7fc167a8d000 rw-p 00000000 00:00 0 
7fc167a8d000-7fc1685b1000 r-xp 00000000 08:03 549972                     /usr/lib/jvm/java-7-openjdk-amd64/jre/lib/amd64/server/libjvm.so
7fc1685b1000-7fc1687b0000 ---p 00b24000 08:03 549972                     /usr/lib/jvm/java-7-openjdk-amd64/jre/lib/amd64/server/libjvm.so
7fc1687b0000-7fc16884a000 r--p 00b23000 08:03 549972                     /usr/lib/jvm/java-7-openjdk-amd64/jre/lib/amd64/server/libjvm.so
7fc16884a000-7fc16886d000 rw-p 00bbd000 08:03 549972                     /usr/lib/jvm/java-7-openjdk-amd64/jre/lib/amd64/server/libjvm.so
7fc16886d000-7fc16889b000 rw-p 00000000 00:00 0 
7fc16889b000-7fc1688b3000 r-xp 00000000 08:03 217819                     /lib/x86_64-linux-gnu/libz.so.1.2.8
7fc1688b3000-7fc168ab2000 ---p 00018000 08:03 217819                     /lib/x86_64-linux-gnu/libz.so.1.2.8
7fc168ab2000-7fc168ab3000 r--p 00017000 08:03 217819                     /lib/x86_64-linux-gnu/libz.so.1.2.8
7fc168ab3000-7fc168ab4000 rw-p 00018000 08:03 217819                     /lib/x86_64-linux-gnu/libz.so.1.2.8
7fc168ab4000-7fc168acd000 r-xp 00000000 08:03 228816                     /lib/x86_64-linux-gnu/libpthread-2.19.so
7fc168acd000-7fc168ccc000 ---p 00019000 08:03 228816                     /lib/x86_64-linux-gnu/libpthread-2.19.so
7fc168ccc000-7fc168ccd000 r--p 00018000 08:03 228816                     /lib/x86_64-linux-gnu/libpthread-2.19.so
7fc168ccd000-7fc168cce000 rw-p 00019000 08:03 228816                     /lib/x86_64-linux-gnu/libpthread-2.19.so
7fc168cce000-7fc168cd2000 rw-p 00000000 00:00 0 
7fc168cd2000-7fc168cd5000 r-xp 00000000 08:03 228803                     /lib/x86_64-linux-gnu/libdl-2.19.so
7fc168cd5000-7fc168ed4000 ---p 00003000 08:03 228803                     /lib/x86_64-linux-gnu/libdl-2.19.so
7fc168ed4000-7fc168ed5000 r--p 00002000 08:03 228803                     /lib/x86_64-linux-gnu/libdl-2.19.so
7fc168ed5000-7fc168ed6000 rw-p 00003000 08:03 228803                     /lib/x86_64-linux-gnu/libdl-2.19.so
7fc168ed6000-7fc169091000 r-xp 00000000 08:03 228815                     /lib/x86_64-linux-gnu/libc-2.19.so
7fc169091000-7fc169290000 ---p 001bb000 08:03 228815                     /lib/x86_64-linux-gnu/libc-2.19.so
7fc169290000-7fc169294000 r--p 001ba000 08:03 228815                     /lib/x86_64-linux-gnu/libc-2.19.so
7fc169294000-7fc169296000 rw-p 001be000 08:03 228815                     /lib/x86_64-linux-gnu/libc-2.19.so
7fc169296000-7fc16929b000 rw-p 00000000 00:00 0 
7fc16929b000-7fc1692a8000 r-xp 00000000 08:03 549984                     /usr/lib/jvm/java-7-openjdk-amd64/jre/lib/amd64/jli/libjli.so
7fc1692a8000-7fc1694a7000 ---p 0000d000 08:03 549984                     /usr/lib/jvm/java-7-openjdk-amd64/jre/lib/amd64/jli/libjli.so
7fc1694a7000-7fc1694a8000 r--p 0000c000 08:03 549984                     /usr/lib/jvm/java-7-openjdk-amd64/jre/lib/amd64/jli/libjli.so
7fc1694a8000-7fc1694a9000 rw-p 0000d000 08:03 549984                     /usr/lib/jvm/java-7-openjdk-amd64/jre/lib/amd64/jli/libjli.so
7fc1694a9000-7fc1694cc000 r-xp 00000000 08:03 228812                     /lib/x86_64-linux-gnu/ld-2.19.so
7fc1694cc000-7fc1694ce000 r--s 00006000 08:03 921392                     /usr/share/java/java-atk-wrapper.jar
7fc1694ce000-7fc1694d2000 r--s 0003c000 08:03 537409                     /usr/lib/jvm/java-7-openjdk-amd64/jre/lib/ext/sunpkcs11.jar
7fc1694d2000-7fc1694d6000 r--s 00085000 08:03 537406                     /usr/lib/jvm/java-7-openjdk-amd64/jre/lib/ext/localedata.jar
7fc1694d6000-7fc1694d8000 r--s 00012000 08:03 537404                     /usr/lib/jvm/java-7-openjdk-amd64/jre/lib/ext/zipfs.jar
7fc1694d8000-7fc1694e2000 rw-p 00000000 00:00 0 
7fc1694e2000-7fc169598000 rw-p 00000000 00:00 0 
7fc169598000-7fc16959b000 ---p 00000000 00:00 0 
7fc16959b000-7fc1696bf000 rw-p 00000000 00:00 0                          [stack:31053]
7fc1696bf000-7fc1696c7000 rw-s 00000000 00:13 571292                     /tmp/hsperfdata_andrej/31052
7fc1696c7000-7fc1696c8000 rw-p 00000000 00:00 0 
7fc1696c8000-7fc1696c9000 r--p 00000000 00:00 0 
7fc1696c9000-7fc1696cb000 rw-p 00000000 00:00 0 
7fc1696cb000-7fc1696cc000 r--p 00022000 08:03 228812                     /lib/x86_64-linux-gnu/ld-2.19.so
7fc1696cc000-7fc1696cd000 rw-p 00023000 08:03 228812                     /lib/x86_64-linux-gnu/ld-2.19.so
7fc1696cd000-7fc1696ce000 rw-p 00000000 00:00 0 
7ffdb3942000-7ffdb3964000 rw-p 00000000 00:00 0                          [stack]
7ffdb399c000-7ffdb399e000 r-xp 00000000 00:00 0                          [vdso]
ffffffffff600000-ffffffffff601000 r-xp 00000000 00:00 0                  [vsyscall]

VM Arguments:
java_command: com.amd.aparapi.sample.add.MainSelectPlatform all GPU
Launcher Type: SUN_STANDARD

Environment Variables:
PATH=/home/andrej/phantomjs/bin:/usr/local/heroku/bin:/home/andrej/.nvm/v0.10.26/bin:/home/andrej/.rvm/gems/ruby-1.9.3-p545/bin:/home/andrej/.rvm/gems/ruby-1.9.3-p545@global/bin:/home/andrej/.rvm/rubies/ruby-1.9.3-p545/bin:/home/andrej/phantomjs/bin:/usr/local/sbin:/usr/local/bin:/usr/sbin:/usr/bin:/sbin:/bin:/usr/games:/usr/local/games:/home/andrej/.rvm/bin:/home/andrej/.rvm/bin
LD_LIBRARY_PATH=/home/andrej/java/spark/aparapi-ucores/src/aparapi/dist_linux_x86_64:/usr/lib/i386-linux-gnu/
SHELL=/bin/bash
DISPLAY=:0

Signal Handlers:
SIGSEGV: [libjvm.so+0x954820], sa_mask[0]=0x7ffbfeff, sa_flags=0x10000004
SIGBUS: [libjvm.so+0x954820], sa_mask[0]=0x7ffbfeff, sa_flags=0x10000004
SIGFPE: [libjvm.so+0x7cb150], sa_mask[0]=0x7ffbfeff, sa_flags=0x10000004
SIGPIPE: [libjvm.so+0x7cb150], sa_mask[0]=0x7ffbfeff, sa_flags=0x10000004
SIGXFSZ: [libjvm.so+0x7cb150], sa_mask[0]=0x7ffbfeff, sa_flags=0x10000004
SIGILL: [libjvm.so+0x7cb150], sa_mask[0]=0x7ffbfeff, sa_flags=0x10000004
SIGUSR1: SIG_DFL, sa_mask[0]=0x00000000, sa_flags=0x00000000
SIGUSR2: [libjvm.so+0x7caff0], sa_mask[0]=0x00000000, sa_flags=0x10000004
SIGHUP: [libjvm.so+0x7cb1d0], sa_mask[0]=0x7ffbfeff, sa_flags=0x10000004
SIGINT: [libjvm.so+0x7cb1d0], sa_mask[0]=0x7ffbfeff, sa_flags=0x10000004
SIGTERM: [libjvm.so+0x7cb1d0], sa_mask[0]=0x7ffbfeff, sa_flags=0x10000004
SIGQUIT: [libjvm.so+0x7cb1d0], sa_mask[0]=0x7ffbfeff, sa_flags=0x10000004
SIGTRAP: SIG_DFL, sa_mask[0]=0x00000000, sa_flags=0x00000000


---------------  S Y S T E M  ---------------

OS:Ubuntu 14.04 (trusty)
uname:Linux 3.13.0-68-generic #111-Ubuntu SMP Fri Nov 6 18:17:06 UTC 2015 x86_64
libc:glibc 2.19 NPTL 2.19 
rlimit: STACK 8192k, CORE 0k, NPROC 62980, NOFILE 4096, AS infinity
load average:3,10 1,78 1,48

/proc/meminfo:
MemTotal:        8091148 kB
MemFree:          149048 kB
Buffers:          330920 kB
Cached:          1186452 kB
SwapCached:       136496 kB
Active:          4107832 kB
Inactive:        1286792 kB
Active(anon):    3720612 kB
Inactive(anon):   870220 kB
Active(file):     387220 kB
Inactive(file):   416572 kB
Unevictable:       11248 kB
Mlocked:           11248 kB
SwapTotal:       8297468 kB
SwapFree:        7507940 kB
Dirty:             16228 kB
Writeback:             0 kB
AnonPages:       3836440 kB
Mapped:           396768 kB
Shmem:            713448 kB
Slab:            2352184 kB
SReclaimable:    2115000 kB
SUnreclaim:       237184 kB
KernelStack:        8440 kB
PageTables:        74512 kB
NFS_Unstable:          0 kB
Bounce:                0 kB
WritebackTmp:          0 kB
CommitLimit:    12343040 kB
Committed_AS:   15016696 kB
VmallocTotal:   34359738367 kB
VmallocUsed:      612680 kB
VmallocChunk:   34359112884 kB
HardwareCorrupted:     0 kB
AnonHugePages:   1083392 kB
HugePages_Total:       0
HugePages_Free:        0
HugePages_Rsvd:        0
HugePages_Surp:        0
Hugepagesize:       2048 kB
DirectMap4k:       97024 kB
DirectMap2M:     2963456 kB
DirectMap1G:     5242880 kB


CPU:total 8 (4 cores per cpu, 2 threads per core) family 6 model 60 stepping 3, cmov, cx8, fxsr, mmx, sse, sse2, sse3, ssse3, sse4.1, sse4.2, popcnt, avx, avx2, aes, erms, ht, tsc, tscinvbit

/proc/cpuinfo:
processor	: 0
vendor_id	: GenuineIntel
cpu family	: 6
model		: 60
model name	: Intel(R) Core(TM) i7-4700MQ CPU @ 2.40GHz
stepping	: 3
microcode	: 0x12
cpu MHz		: 800.000
cache size	: 6144 KB
physical id	: 0
siblings	: 8
core id		: 0
cpu cores	: 4
apicid		: 0
initial apicid	: 0
fpu		: yes
fpu_exception	: yes
cpuid level	: 13
wp		: yes
flags		: fpu vme de pse tsc msr pae mce cx8 apic sep mtrr pge mca cmov pat pse36 clflush dts acpi mmx fxsr sse sse2 ss ht tm pbe syscall nx pdpe1gb rdtscp lm constant_tsc arch_perfmon pebs bts rep_good nopl xtopology nonstop_tsc aperfmperf eagerfpu pni pclmulqdq dtes64 monitor ds_cpl vmx est tm2 ssse3 fma cx16 xtpr pdcm pcid sse4_1 sse4_2 movbe popcnt tsc_deadline_timer aes xsave avx f16c rdrand lahf_lm abm ida arat epb xsaveopt pln pts dtherm tpr_shadow vnmi flexpriority ept vpid fsgsbase tsc_adjust bmi1 avx2 smep bmi2 erms invpcid
bogomips	: 4788.41
clflush size	: 64
cache_alignment	: 64
address sizes	: 39 bits physical, 48 bits virtual
power management:

processor	: 1
vendor_id	: GenuineIntel
cpu family	: 6
model		: 60
model name	: Intel(R) Core(TM) i7-4700MQ CPU @ 2.40GHz
stepping	: 3
microcode	: 0x12
cpu MHz		: 2401.000
cache size	: 6144 KB
physical id	: 0
siblings	: 8
core id		: 0
cpu cores	: 4
apicid		: 1
initial apicid	: 1
fpu		: yes
fpu_exception	: yes
cpuid level	: 13
wp		: yes
flags		: fpu vme de pse tsc msr pae mce cx8 apic sep mtrr pge mca cmov pat pse36 clflush dts acpi mmx fxsr sse sse2 ss ht tm pbe syscall nx pdpe1gb rdtscp lm constant_tsc arch_perfmon pebs bts rep_good nopl xtopology nonstop_tsc aperfmperf eagerfpu pni pclmulqdq dtes64 monitor ds_cpl vmx est tm2 ssse3 fma cx16 xtpr pdcm pcid sse4_1 sse4_2 movbe popcnt tsc_deadline_timer aes xsave avx f16c rdrand lahf_lm abm ida arat epb xsaveopt pln pts dtherm tpr_shadow vnmi flexpriority ept vpid fsgsbase tsc_adjust bmi1 avx2 smep bmi2 erms invpcid
bogomips	: 4788.41
clflush size	: 64
cache_alignment	: 64
address sizes	: 39 bits physical, 48 bits virtual
power management:

processor	: 2
vendor_id	: GenuineIntel
cpu family	: 6
model		: 60
model name	: Intel(R) Core(TM) i7-4700MQ CPU @ 2.40GHz
stepping	: 3
microcode	: 0x12
cpu MHz		: 800.000
cache size	: 6144 KB
physical id	: 0
siblings	: 8
core id		: 1
cpu cores	: 4
apicid		: 2
initial apicid	: 2
fpu		: yes
fpu_exception	: yes
cpuid level	: 13
wp		: yes
flags		: fpu vme de pse tsc msr pae mce cx8 apic sep mtrr pge mca cmov pat pse36 clflush dts acpi mmx fxsr sse sse2 ss ht tm pbe syscall nx pdpe1gb rdtscp lm constant_tsc arch_perfmon pebs bts rep_good nopl xtopology nonstop_tsc aperfmperf eagerfpu pni pclmulqdq dtes64 monitor ds_cpl vmx est tm2 ssse3 fma cx16 xtpr pdcm pcid sse4_1 sse4_2 movbe popcnt tsc_deadline_timer aes xsave avx f16c rdrand lahf_lm abm ida arat epb xsaveopt pln pts dtherm tpr_shadow vnmi flexpriority ept vpid fsgsbase tsc_adjust bmi1 avx2 smep bmi2 erms invpcid
bogomips	: 4788.41
clflush size	: 64
cache_alignment	: 64
address sizes	: 39 bits physical, 48 bits virtual
power management:

processor	: 3
vendor_id	: GenuineIntel
cpu family	: 6
model		: 60
model name	: Intel(R) Core(TM) i7-4700MQ CPU @ 2.40GHz
stepping	: 3
microcode	: 0x12
cpu MHz		: 800.000
cache size	: 6144 KB
physical id	: 0
siblings	: 8
core id		: 1
cpu cores	: 4
apicid		: 3
initial apicid	: 3
fpu		: yes
fpu_exception	: yes
cpuid level	: 13
wp		: yes
flags		: fpu vme de pse tsc msr pae mce cx8 apic sep mtrr pge mca cmov pat pse36 clflush dts acpi mmx fxsr sse sse2 ss ht tm pbe syscall nx pdpe1gb rdtscp lm constant_tsc arch_perfmon pebs bts rep_good nopl xtopology nonstop_tsc aperfmperf eagerfpu pni pclmulqdq dtes64 monitor ds_cpl vmx est tm2 ssse3 fma cx16 xtpr pdcm pcid sse4_1 sse4_2 movbe popcnt tsc_deadline_timer aes xsave avx f16c rdrand lahf_lm abm ida arat epb xsaveopt pln pts dtherm tpr_shadow vnmi flexpriority ept vpid fsgsbase tsc_adjust bmi1 avx2 smep bmi2 erms invpcid
bogomips	: 4788.41
clflush size	: 64
cache_alignment	: 64
address sizes	: 39 bits physical, 48 bits virtual
power management:

processor	: 4
vendor_id	: GenuineIntel
cpu family	: 6
model		: 60
model name	: Intel(R) Core(TM) i7-4700MQ CPU @ 2.40GHz
stepping	: 3
microcode	: 0x12
cpu MHz		: 800.000
cache size	: 6144 KB
physical id	: 0
siblings	: 8
core id		: 2
cpu cores	: 4
apicid		: 4
initial apicid	: 4
fpu		: yes
fpu_exception	: yes
cpuid level	: 13
wp		: yes
flags		: fpu vme de pse tsc msr pae mce cx8 apic sep mtrr pge mca cmov pat pse36 clflush dts acpi mmx fxsr sse sse2 ss ht tm pbe syscall nx pdpe1gb rdtscp lm constant_tsc arch_perfmon pebs bts rep_good nopl xtopology nonstop_tsc aperfmperf eagerfpu pni pclmulqdq dtes64 monitor ds_cpl vmx est tm2 ssse3 fma cx16 xtpr pdcm pcid sse4_1 sse4_2 movbe popcnt tsc_deadline_timer aes xsave avx f16c rdrand lahf_lm abm ida arat epb xsaveopt pln pts dtherm tpr_shadow vnmi flexpriority ept vpid fsgsbase tsc_adjust bmi1 avx2 smep bmi2 erms invpcid
bogomips	: 4788.41
clflush size	: 64
cache_alignment	: 64
address sizes	: 39 bits physical, 48 bits virtual
power management:

processor	: 5
vendor_id	: GenuineIntel
cpu family	: 6
model		: 60
model name	: Intel(R) Core(TM) i7-4700MQ CPU @ 2.40GHz
stepping	: 3
microcode	: 0x12
cpu MHz		: 800.000
cache size	: 6144 KB
physical id	: 0
siblings	: 8
core id		: 2
cpu cores	: 4
apicid		: 5
initial apicid	: 5
fpu		: yes
fpu_exception	: yes
cpuid level	: 13
wp		: yes
flags		: fpu vme de pse tsc msr pae mce cx8 apic sep mtrr pge mca cmov pat pse36 clflush dts acpi mmx fxsr sse sse2 ss ht tm pbe syscall nx pdpe1gb rdtscp lm constant_tsc arch_perfmon pebs bts rep_good nopl xtopology nonstop_tsc aperfmperf eagerfpu pni pclmulqdq dtes64 monitor ds_cpl vmx est tm2 ssse3 fma cx16 xtpr pdcm pcid sse4_1 sse4_2 movbe popcnt tsc_deadline_timer aes xsave avx f16c rdrand lahf_lm abm ida arat epb xsaveopt pln pts dtherm tpr_shadow vnmi flexpriority ept vpid fsgsbase tsc_adjust bmi1 avx2 smep bmi2 erms invpcid
bogomips	: 4788.41
clflush size	: 64
cache_alignment	: 64
address sizes	: 39 bits physical, 48 bits virtual
power management:

processor	: 6
vendor_id	: GenuineIntel
cpu family	: 6
model		: 60
model name	: Intel(R) Core(TM) i7-4700MQ CPU @ 2.40GHz
stepping	: 3
microcode	: 0x12
cpu MHz		: 800.000
cache size	: 6144 KB
physical id	: 0
siblings	: 8
core id		: 3
cpu cores	: 4
apicid		: 6
initial apicid	: 6
fpu		: yes
fpu_exception	: yes
cpuid level	: 13
wp		: yes
flags		: fpu vme de pse tsc msr pae mce cx8 apic sep mtrr pge mca cmov pat pse36 clflush dts acpi mmx fxsr sse sse2 ss ht tm pbe syscall nx pdpe1gb rdtscp lm constant_tsc arch_perfmon pebs bts rep_good nopl xtopology nonstop_tsc aperfmperf eagerfpu pni pclmulqdq dtes64 monitor ds_cpl vmx est tm2 ssse3 fma cx16 xtpr pdcm pcid sse4_1 sse4_2 movbe popcnt tsc_deadline_timer aes xsave avx f16c rdrand lahf_lm abm ida arat epb xsaveopt pln pts dtherm tpr_shadow vnmi flexpriority ept vpid fsgsbase tsc_adjust bmi1 avx2 smep bmi2 erms invpcid
bogomips	: 4788.41
clflush size	: 64
cache_alignment	: 64
address sizes	: 39 bits physical, 48 bits virtual
power management:

processor	: 7
vendor_id	: GenuineIntel
cpu family	: 6
model		: 60
model name	: Intel(R) Core(TM) i7-4700MQ CPU @ 2.40GHz
stepping	: 3
microcode	: 0x12
cpu MHz		: 800.000
cache size	: 6144 KB
physical id	: 0
siblings	: 8
core id		: 3
cpu cores	: 4
apicid		: 7
initial apicid	: 7
fpu		: yes
fpu_exception	: yes
cpuid level	: 13
wp		: yes
flags		: fpu vme de pse tsc msr pae mce cx8 apic sep mtrr pge mca cmov pat pse36 clflush dts acpi mmx fxsr sse sse2 ss ht tm pbe syscall nx pdpe1gb rdtscp lm constant_tsc arch_perfmon pebs bts rep_good nopl xtopology nonstop_tsc aperfmperf eagerfpu pni pclmulqdq dtes64 monitor ds_cpl vmx est tm2 ssse3 fma cx16 xtpr pdcm pcid sse4_1 sse4_2 movbe popcnt tsc_deadline_timer aes xsave avx f16c rdrand lahf_lm abm ida arat epb xsaveopt pln pts dtherm tpr_shadow vnmi flexpriority ept vpid fsgsbase tsc_adjust bmi1 avx2 smep bmi2 erms invpcid
bogomips	: 4788.41
clflush size	: 64
cache_alignment	: 64
address sizes	: 39 bits physical, 48 bits virtual
power management:



Memory: 4k page, physical 8091148k(149048k free), swap 8297468k(7507940k free)

vm_info: OpenJDK 64-Bit Server VM (24.85-b03) for linux-amd64 JRE (1.7.0_85-b01), built on Oct 22 2015 06:46:50 by "buildd" with gcc 4.8.2

time: Wed Nov 11 18:20:53 2015
elapsed time: 0 seconds

